<?xml version="1.0" encoding="UTF-8"?>
<testsuite xmlns:xsi="http://www.w3.org/2001/XMLSchema-instance" xsi:noNamespaceSchemaLocation="https://maven.apache.org/surefire/maven-surefire-plugin/xsd/surefire-test-report.xsd" version="3.0.2" name="com.audittrack.auditscheduler.AuditSchedulerApplicationTests" time="15.787" tests="1" errors="0" skipped="0" failures="0">
  <properties>
[...]
</properties>
  <testcase name="contextLoads" classname="com.audittrack.auditscheduler.AuditSchedulerApplicationTests" time="1.043">
    <system-out><![CDATA[14:02:34.874 [main] INFO org.springframework.test.context.support.AnnotationConfigContextLoaderUtils -- Could not detect default configuration classes for test class [com.audittrack.auditscheduler.AuditSchedulerApplicationTests]: AuditSchedulerApplicationTests does not declare any static, non-private, non-final, nested classes annotated with @Configuration.
14:02:35.160 [main] INFO org.springframework.boot.test.context.SpringBootTestContextBootstrapper -- Found @SpringBootConfiguration com.audittrack.auditscheduler.AuditSchedulerApplication for test class com.audittrack.auditscheduler.AuditSchedulerApplicationTests
14:02:35.684 [main] INFO org.springframework.boot.devtools.restart.RestartApplicationListener -- Restart disabled due to context in which it is running

  .   ____          _            __ _ _
 /\\ / ___'_ __ _ _(_)_ __  __ _ \ \ \ \
( ( )\___ | '_ | '_| | '_ \/ _` | \ \ \ \
 \\/  ___)| |_)| | | | | || (_| |  ) ) ) )
  '  |____| .__|_| |_|_| |_\__, | / / / /
 =========|_|==============|___/=/_/_/_/

 :: Spring Boot ::                (v3.5.3)

2025-07-18T14:02:36.466-05:00  INFO 14844 --- [audit-scheduler] [           main] c.a.a.AuditSchedulerApplicationTests     : Starting AuditSchedulerApplicationTests using Java 21.0.7 with PID 14844 (started by User in C:\Users\User\Documents\workspace-spring-tools-for-eclipse-4.31.0.RELEASE\audit-scheduler)
2025-07-18T14:02:36.470-05:00  INFO 14844 --- [audit-scheduler] [           main] c.a.a.AuditSchedulerApplicationTests     : No active profile set, falling back to 1 default profile: "default"
2025-07-18T14:02:38.445-05:00  INFO 14844 --- [audit-scheduler] [           main] .s.d.r.c.RepositoryConfigurationDelegate : Bootstrapping Spring Data JPA repositories in DEFAULT mode.
2025-07-18T14:02:38.632-05:00  INFO 14844 --- [audit-scheduler] [           main] .s.d.r.c.RepositoryConfigurationDelegate : Finished Spring Data repository scanning in 158 ms. Found 2 JPA repository interfaces.
2025-07-18T14:02:40.011-05:00  INFO 14844 --- [audit-scheduler] [           main] o.hibernate.jpa.internal.util.LogHelper  : HHH000204: Processing PersistenceUnitInfo [name: default]
2025-07-18T14:02:40.170-05:00  INFO 14844 --- [audit-scheduler] [           main] org.hibernate.Version                    : HHH000412: Hibernate ORM core version 6.6.18.Final
2025-07-18T14:02:40.249-05:00  INFO 14844 --- [audit-scheduler] [           main] o.h.c.internal.RegionFactoryInitiator    : HHH000026: Second-level cache disabled
2025-07-18T14:02:41.195-05:00  INFO 14844 --- [audit-scheduler] [           main] o.s.o.j.p.SpringPersistenceUnitInfo      : No LoadTimeWeaver setup: ignoring JPA class transformer
2025-07-18T14:02:41.299-05:00  INFO 14844 --- [audit-scheduler] [           main] com.zaxxer.hikari.HikariDataSource       : HikariPool-1 - Starting...
2025-07-18T14:02:43.158-05:00  INFO 14844 --- [audit-scheduler] [           main] com.zaxxer.hikari.pool.HikariPool        : HikariPool-1 - Added connection org.postgresql.jdbc.PgConnection@3f9f8d23
2025-07-18T14:02:43.163-05:00  INFO 14844 --- [audit-scheduler] [           main] com.zaxxer.hikari.HikariDataSource       : HikariPool-1 - Start completed.
2025-07-18T14:02:43.344-05:00  WARN 14844 --- [audit-scheduler] [           main] org.hibernate.orm.deprecation            : HHH90000025: PostgreSQLDialect does not need to be specified explicitly using 'hibernate.dialect' (remove the property setting and it will be selected by default)
2025-07-18T14:02:43.672-05:00  INFO 14844 --- [audit-scheduler] [           main] org.hibernate.orm.connections.pooling    : HHH10001005: Database info:
	Database JDBC URL [Connecting through datasource 'HikariDataSource (HikariPool-1)']
	Database driver: undefined/unknown
	Database version: 17.4
	Autocommit mode: undefined/unknown
	Isolation level: undefined/unknown
	Minimum pool size: undefined/unknown
	Maximum pool size: undefined/unknown
2025-07-18T14:02:45.858-05:00  INFO 14844 --- [audit-scheduler] [           main] o.h.e.t.j.p.i.JtaPlatformInitiator       : HHH000489: No JTA platform available (set 'hibernate.transaction.jta.platform' to enable JTA platform integration)
2025-07-18T14:02:46.982-05:00  INFO 14844 --- [audit-scheduler] [           main] j.LocalContainerEntityManagerFactoryBean : Initialized JPA EntityManagerFactory for persistence unit 'default'
2025-07-18T14:02:47.841-05:00  WARN 14844 --- [audit-scheduler] [           main] JpaBaseConfiguration$JpaWebConfiguration : spring.jpa.open-in-view is enabled by default. Therefore, database queries may be performed during view rendering. Explicitly configure spring.jpa.open-in-view to disable this warning
2025-07-18T14:02:48.817-05:00  INFO 14844 --- [audit-scheduler] [           main] r$InitializeUserDetailsManagerConfigurer : Global AuthenticationManager configured with UserDetailsService bean with name inMemoryUserDetailsManager
2025-07-18T14:02:49.232-05:00  INFO 14844 --- [audit-scheduler] [           main] c.a.a.AuditSchedulerApplicationTests     : Started AuditSchedulerApplicationTests in 13.588 seconds (process running for 15.975)
]]></system-out>
    <system-err><![CDATA[Mockito is currently self-attaching to enable the inline-mock-maker. This will no longer work in future releases of the JDK. Please add Mockito as an agent to your build as described in Mockito's documentation: https://javadoc.io/doc/org.mockito/mockito-core/latest/org.mockito/org/mockito/Mockito.html#0.3
WARNING: A Java agent has been loaded dynamically (C:\Users\User\.m2\repository\net\bytebuddy\byte-buddy-agent\1.17.6\byte-buddy-agent-1.17.6.jar)
WARNING: If a serviceability tool is in use, please run with -XX:+EnableDynamicAgentLoading to hide this warning
WARNING: If a serviceability tool is not in use, please run with -Djdk.instrument.traceUsage for more information
WARNING: Dynamic loading of agents will be disallowed by default in a future release
]]></system-err>
  </testcase>
</testsuite>